<?xml version="1.0" encoding="UTF-8"?>
<!-- Generated by org.testng.reporters.JUnitReportReporter -->
<testsuite hostname="Sonaji" failures="0" tests="1" name="TestClasses.SignUpClass" time="2.080" errors="0" timestamp="2023-04-15T19:28:29 IST" skipped="0">
  <testcase classname="TestClasses.SignUpClass" name="signUpFB" time="2.080"/>
  <system-out/>
</testsuite> <!-- TestClasses.SignUpClass -->
